  LZHRA.cpp
d:\workspace\lzhra\src\LZH.h(360): warning C4477: “sprintf”: 格式字符串“%u”需要类型“unsigned int”的参数，但可变参数 2 拥有了类型“::size_t”
  d:\workspace\lzhra\src\LZH.h(360): note: 请考虑在格式字符串中使用“%zu”
d:\workspace\lzhra\src\LZH.h(370): warning C4477: “sprintf”: 格式字符串“%u”需要类型“unsigned int”的参数，但可变参数 2 拥有了类型“::size_t”
  d:\workspace\lzhra\src\LZH.h(370): note: 请考虑在格式字符串中使用“%zu”
d:\workspace\lzhra\src\LZH.h(371): warning C4477: “sprintf”: 格式字符串“%u”需要类型“unsigned int”的参数，但可变参数 2 拥有了类型“::size_t”
  d:\workspace\lzhra\src\LZH.h(371): note: 请考虑在格式字符串中使用“%zu”
d:\workspace\lzhra\src\LZH.h(393): warning C4477: “sprintf”: 格式字符串“%u”需要类型“unsigned int”的参数，但可变参数 2 拥有了类型“::size_t”
  d:\workspace\lzhra\src\LZH.h(393): note: 请考虑在格式字符串中使用“%zu”
d:\workspace\lzhra\src\LZH.h(419): warning C4477: “sprintf”: 格式字符串“%u”需要类型“unsigned int”的参数，但可变参数 2 拥有了类型“::size_t”
  d:\workspace\lzhra\src\LZH.h(419): note: 请考虑在格式字符串中使用“%zu”
d:\workspace\lzhra\src\LZH.h(433): warning C4477: “sprintf”: 格式字符串“%u”需要类型“unsigned int”的参数，但可变参数 2 拥有了类型“::size_t”
  d:\workspace\lzhra\src\LZH.h(433): note: 请考虑在格式字符串中使用“%zu”
d:\workspace\lzhra\src\LZH.h(435): warning C4477: “sprintf”: 格式字符串“%u”需要类型“unsigned int”的参数，但可变参数 2 拥有了类型“::size_t”
  d:\workspace\lzhra\src\LZH.h(435): note: 请考虑在格式字符串中使用“%zu”
d:\workspace\lzhra\src\LZH.h(445): warning C4477: “sprintf”: 格式字符串“%u”需要类型“unsigned int”的参数，但可变参数 2 拥有了类型“::size_t”
  d:\workspace\lzhra\src\LZH.h(445): note: 请考虑在格式字符串中使用“%zu”
  正在生成代码
  246 of 446 functions (55.2%) were compiled, the rest were copied from previous compilation.
    218 functions were new in current compilation
    17 functions had inline decision re-evaluated but remain unchanged
  已完成代码的生成
  LZHRA.vcxproj -> D:\workspace\LZHRA\x64\Release\LZHRA.exe
  LZHRA.vcxproj -> D:\workspace\LZHRA\x64\Release\LZHRA.pdb (Full PDB)
